
15:54:19:289 [main] INFO  base.Logging -  | chrome | Testcase login has started successfuly
15:54:22:697 [main] INFO  base.Logging -  | chrome | Testcase login has passed
15:54:26:730 [main] INFO  base.Logging -  | chrome | Testcase topMenuTest has started successfuly
15:54:31:666 [main] INFO  base.Logging -  | chrome | Testcase topMenuTest has passed
15:54:35:616 [main] INFO  base.Logging -  | chrome | Testcase searchTest has started successfuly
15:54:40:554 [main] INFO  base.Logging -  | chrome | Testcase searchTest has passed
15:54:44:514 [main] INFO  base.Logging -  | chrome | Testcase filterTest has started successfuly
15:54:53:523 [main] FATAL base.Logging -  | chrome | ERROR! Testcase filterTest has FAILED
15:54:53:916 [main] INFO  base.Logging - Screenshot has been captured
15:54:58:045 [main] INFO  base.Logging -  | chrome | Testcase footerTest has started successfuly
15:55:08:968 [main] FATAL base.Logging -  | chrome | ERROR! Testcase footerTest has FAILED
15:55:09:528 [main] INFO  base.Logging - Screenshot has been captured
15:55:11:725 [main] INFO  base.Logging - -- Testcases are finished -- 
 
15:56:30:158 [main] INFO  base.Logging -  | firefox | Testcase login has started successfuly
15:56:32:650 [main] FATAL base.Logging -  | firefox | ERROR! Testcase login has FAILED
15:56:32:742 [main] INFO  base.Logging - Screenshot has been captured
15:56:40:956 [main] INFO  base.Logging -  | firefox | Testcase topMenuTest has started successfuly
15:56:46:764 [main] INFO  base.Logging -  | firefox | Testcase topMenuTest has passed
15:56:55:327 [main] INFO  base.Logging -  | firefox | Testcase searchTest has started successfuly
15:57:00:704 [main] INFO  base.Logging -  | firefox | Testcase searchTest has passed
15:57:09:141 [main] INFO  base.Logging -  | firefox | Testcase filterTest has started successfuly
15:57:18:652 [main] FATAL base.Logging -  | firefox | ERROR! Testcase filterTest has FAILED
15:57:18:996 [main] INFO  base.Logging - Screenshot has been captured
15:57:27:504 [main] INFO  base.Logging -  | firefox | Testcase footerTest has started successfuly
15:57:37:833 [main] FATAL base.Logging -  | firefox | ERROR! Testcase footerTest has FAILED
15:57:38:097 [main] INFO  base.Logging - Screenshot has been captured
15:57:41:474 [main] INFO  base.Logging - -- Testcases are finished -- 
 
15:59:38:757 [main] INFO  base.Logging -  | edge | Testcase login has started successfuly
15:59:41:665 [main] INFO  base.Logging -  | edge | Testcase login has passed
15:59:45:724 [main] INFO  base.Logging -  | edge | Testcase topMenuTest has started successfuly
15:59:50:698 [main] INFO  base.Logging -  | edge | Testcase topMenuTest has passed
15:59:54:857 [main] INFO  base.Logging -  | edge | Testcase searchTest has started successfuly
15:59:59:937 [main] INFO  base.Logging -  | edge | Testcase searchTest has passed
16:00:03:972 [main] INFO  base.Logging -  | edge | Testcase filterTest has started successfuly
16:00:13:675 [main] FATAL base.Logging -  | edge | ERROR! Testcase filterTest has FAILED
16:00:14:096 [main] INFO  base.Logging - Screenshot has been captured
16:00:18:212 [main] INFO  base.Logging -  | edge | Testcase footerTest has started successfuly
16:00:29:148 [main] FATAL base.Logging -  | edge | ERROR! Testcase footerTest has FAILED
16:00:29:714 [main] INFO  base.Logging - Screenshot has been captured
16:00:32:023 [main] INFO  base.Logging - -- Testcases are finished -- 
 
16:00:49:543 [main] INFO  base.Logging -  | chrome | Testcase login has started successfuly
16:00:52:459 [main] INFO  base.Logging -  | chrome | Testcase login has passed
16:00:57:349 [main] INFO  base.Logging -  | chrome | Testcase topMenuTest has started successfuly
16:01:01:220 [main] INFO  base.Logging -  | chrome | Testcase topMenuTest has passed
16:01:05:342 [main] INFO  base.Logging -  | chrome | Testcase searchTest has started successfuly
16:01:15:633 [main] FATAL base.Logging -  | chrome | ERROR! Testcase searchTest has FAILED
16:01:16:215 [main] INFO  base.Logging - Screenshot has been captured
16:01:20:344 [main] INFO  base.Logging -  | chrome | Testcase filterTest has started successfuly
16:01:29:855 [main] FATAL base.Logging -  | chrome | ERROR! Testcase filterTest has FAILED
16:01:30:200 [main] INFO  base.Logging - Screenshot has been captured
16:01:37:133 [main] INFO  base.Logging -  | chrome | Testcase footerTest has started successfuly
16:01:47:428 [main] FATAL base.Logging -  | chrome | ERROR! Testcase footerTest has FAILED
16:01:47:555 [main] INFO  base.Logging - Screenshot has been captured
16:01:49:784 [main] INFO  base.Logging - -- Testcases are finished -- 
 
21:41:49.849 [main] INFO  base.Logging -  | chrome | Testcase login has started successfuly
21:41:52.685 [main] INFO  base.Logging -  | chrome | Testcase login has passed
21:41:56.718 [main] INFO  base.Logging -  | chrome | Testcase topMenuTest has started successfuly
21:42:01.302 [main] INFO  base.Logging -  | chrome | Testcase topMenuTest has passed
21:42:05.475 [main] INFO  base.Logging -  | chrome | Testcase searchTest has started successfuly
21:42:10.363 [main] INFO  base.Logging -  | chrome | Testcase searchTest has passed
21:42:14.577 [main] INFO  base.Logging -  | chrome | Testcase filterTest has started successfuly
21:42:23.687 [main] FATAL base.Logging -  | chrome | ERROR! Testcase filterTest has FAILED
21:42:24.081 [main] INFO  base.Logging - Screenshot has been captured
21:42:28.064 [main] INFO  base.Logging -  | chrome | Testcase footerTest has started successfuly
21:42:38.859 [main] FATAL base.Logging -  | chrome | ERROR! Testcase footerTest has FAILED
21:42:39.397 [main] INFO  base.Logging - Screenshot has been captured
21:42:41.596 [main] INFO  base.Logging - -- Testcases are finished -- 
 
18:20:04.857 [main] INFO  base.Logging -  | null | Testsuite MenuFunctionality has started execution!
18:20:09.466 [main] INFO  base.Logging -  | chrome | Testcase login has started successfuly
18:20:12.487 [main] INFO  base.Logging -  | chrome | Testcase login has passed
18:20:16.532 [main] INFO  base.Logging -  | chrome | Testcase topMenuTest has started successfuly
18:20:20.562 [main] INFO  base.Logging -  | chrome | Testcase topMenuTest has passed
18:20:24.685 [main] INFO  base.Logging -  | chrome | Testcase searchTest has started successfuly
18:20:29.476 [main] INFO  base.Logging -  | chrome | Testcase searchTest has passed
18:20:33.664 [main] INFO  base.Logging -  | chrome | Testcase filterTest has started successfuly
18:20:42.513 [main] FATAL base.Logging -  | chrome | ERROR! Testcase filterTest has FAILED
18:20:42.908 [main] INFO  base.Logging - Screenshot has been captured
18:20:46.998 [main] INFO  base.Logging -  | chrome | Testcase footerTest has started successfuly
18:20:57.738 [main] FATAL base.Logging -  | chrome | ERROR! Testcase footerTest has FAILED
18:20:58.306 [main] INFO  base.Logging - Screenshot has been captured
18:21:00.563 [main] INFO  base.Logging - -- Testsuite is finished -- 
 
18:37:42.352 [main] INFO  base.Logging -  | null | Testsuite MenuFunctionality has started execution!
18:37:45.417 [main] INFO  base.Logging -  | chrome | Testcase login has started successfuly
18:37:48.059 [main] INFO  base.Logging -  | chrome | Testcase login has passed
18:37:52.590 [main] INFO  base.Logging -  | chrome | Testcase topMenuTest has started successfuly
18:37:57.190 [main] INFO  base.Logging -  | chrome | Testcase topMenuTest has passed
18:38:01.206 [main] INFO  base.Logging -  | chrome | Testcase searchTest has started successfuly
18:38:06.093 [main] INFO  base.Logging -  | chrome | Testcase searchTest has passed
18:38:10.079 [main] INFO  base.Logging -  | chrome | Testcase filterTest has started successfuly
18:38:18.786 [main] FATAL base.Logging -  | chrome | ERROR! Testcase filterTest has FAILED
18:38:19.148 [main] INFO  base.Logging - Screenshot has been captured
18:38:23.318 [main] INFO  base.Logging -  | chrome | Testcase footerTest has started successfuly
18:38:34.260 [main] FATAL base.Logging -  | chrome | ERROR! Testcase footerTest has FAILED
18:38:34.801 [main] INFO  base.Logging - Screenshot has been captured
18:38:37.060 [main] INFO  base.Logging - -- Testsuite is finished -- 
 
